<?xml version="1.0" encoding="UTF-8"?>
<!-- Generated by org.testng.reporters.JUnitXMLReporter -->
<testsuite ignored="0" hostname="DESKTOP-LOSCQCA" failures="2" tests="5" name="Test" time="0.542" errors="0" timestamp="21 Nov 2023 13:00:27 GMT">
  <testcase classname="ExtentReportsUsingITestListenerInterface.TestCaseClass" name="testMethod1" time="0.015"/>
  <testcase classname="ExtentReportsUsingITestListenerInterface.TestCaseClass" name="testMethod2" time="0.004">
    <failure type="java.lang.AssertionError" message="expected [true] but found [false]">
      <![CDATA[java.lang.AssertionError: expected [true] but found [false]
at ExtentReportsUsingITestListenerInterface.TestCaseClass.testMethod2(TestCaseClass.java:17)
... Removed 29 stack frames]]>
    </failure>
  </testcase> <!-- testMethod2 -->
  <testcase classname="ExtentReportsUsingITestListenerInterface.TestCaseClass" name="testMethod3" time="0.005">
    <failure type="java.lang.AssertionError" message="expected [true] but found [false]">
      <![CDATA[java.lang.AssertionError: expected [true] but found [false]
at ExtentReportsUsingITestListenerInterface.TestCaseClass.testMethod3(TestCaseClass.java:22)
... Removed 29 stack frames]]>
    </failure>
  </testcase> <!-- testMethod3 -->
  <testcase classname="ExtentReportsUsingITestListenerInterface.TestCaseClass" name="testMethod4" time="0.002"/>
  <testcase classname="ExtentReportsUsingITestListenerInterface.TestCaseClass" name="testMethod5" time="0.003">
    <skipped/>
  </testcase> <!-- testMethod5 -->
</testsuite> <!-- Test -->
