<?xml version="1.0" encoding="UTF-8"?>
<!-- Generated by org.testng.reporters.JUnitXMLReporter -->
<testsuite ignored="0" hostname="DESKTOP-LOSCQCA" failures="0" tests="3" name="Test1" time="21.606" errors="0" timestamp="28 Jul 2023 13:38:50 GMT">
  <testcase classname="testNG.ParallelTestingClass1" name="verifyLogo" time="12.285"/>
  <testcase classname="testNG.ParallelTestingClass2" name="verifyTitle" time="14.317"/>
  <testcase classname="testNG.ParallelTestingClass1" name="verifyTitle" time="9.261"/>
</testsuite> <!-- Test1 -->
