<?xml version="1.0" encoding="UTF-8"?>
<testng-results ignored="0" total="1" passed="1" failed="0" skipped="0">
  <reporter-output>
  </reporter-output>
  <suite started-at="2023-10-08T10:31:25Z" name="Default suite" finished-at="2023-10-08T10:31:25Z" duration-ms="49">
    <groups>
    </groups>
    <test started-at="2023-10-08T10:31:25Z" name="Default test" finished-at="2023-10-08T10:31:25Z" duration-ms="49">
      <class name="ListBox.SoftAssert1">
        <test-method signature="verifyPageTitle()[pri:0, instance:ListBox.SoftAssert1@7cbd9d24]" started-at="2023-10-08T10:31:25Z" name="verifyPageTitle" finished-at="2023-10-08T10:31:25Z" duration-ms="17" status="PASS">
          <reporter-output>
          </reporter-output>
        </test-method> <!-- verifyPageTitle -->
      </class> <!-- ListBox.SoftAssert1 -->
    </test> <!-- Default test -->
  </suite> <!-- Default suite -->
</testng-results>
