<?xml version="1.0" encoding="UTF-8"?>
<testng-results ignored="0" total="3" passed="3" failed="0" skipped="0">
  <reporter-output>
  </reporter-output>
  <suite started-at="2023-12-24T23:11:35 IST" name="Suite" finished-at="2023-12-24T23:12:25 IST" duration-ms="50363">
    <groups>
    </groups>
    <test started-at="2023-12-24T23:11:35 IST" name="TestOnChrome" finished-at="2023-12-24T23:11:48 IST" duration-ms="12957">
      <class name="crossBrowserTestingPackage.CrossBrowserTesting">
        <test-method is-config="true" signature="launchBrowser(java.lang.String)[pri:0, instance:crossBrowserTestingPackage.CrossBrowserTesting@53fdffa1]" started-at="2023-12-24T23:11:35 IST" name="launchBrowser" finished-at="2023-12-24T23:11:39 IST" duration-ms="3769" status="PASS">
          <params>
            <param index="0">
              <value>
                <![CDATA[chrome]]>
              </value>
            </param>
          </params>
          <reporter-output>
          </reporter-output>
        </test-method> <!-- launchBrowser -->
        <test-method signature="verifyTitle()[pri:0, instance:crossBrowserTestingPackage.CrossBrowserTesting@53fdffa1]" started-at="2023-12-24T23:11:39 IST" name="verifyTitle" finished-at="2023-12-24T23:11:47 IST" duration-ms="8297" status="PASS">
          <reporter-output>
          </reporter-output>
        </test-method> <!-- verifyTitle -->
        <test-method is-config="true" signature="tearDown()[pri:0, instance:crossBrowserTestingPackage.CrossBrowserTesting@53fdffa1]" started-at="2023-12-24T23:11:47 IST" name="tearDown" finished-at="2023-12-24T23:11:48 IST" duration-ms="776" status="PASS">
          <reporter-output>
          </reporter-output>
        </test-method> <!-- tearDown -->
      </class> <!-- crossBrowserTestingPackage.CrossBrowserTesting -->
    </test> <!-- TestOnChrome -->
    <test started-at="2023-12-24T23:11:35 IST" name="TestOnMsEdge" finished-at="2023-12-24T23:11:59 IST" duration-ms="23648">
      <class name="crossBrowserTestingPackage.CrossBrowserTesting">
        <test-method is-config="true" signature="launchBrowser(java.lang.String)[pri:0, instance:crossBrowserTestingPackage.CrossBrowserTesting@54e1c68b]" started-at="2023-12-24T23:11:35 IST" name="launchBrowser" finished-at="2023-12-24T23:11:42 IST" duration-ms="6418" status="PASS">
          <params>
            <param index="0">
              <value>
                <![CDATA[msedge]]>
              </value>
            </param>
          </params>
          <reporter-output>
          </reporter-output>
        </test-method> <!-- launchBrowser -->
        <test-method signature="verifyTitle()[pri:0, instance:crossBrowserTestingPackage.CrossBrowserTesting@54e1c68b]" started-at="2023-12-24T23:11:42 IST" name="verifyTitle" finished-at="2023-12-24T23:11:55 IST" duration-ms="13865" status="PASS">
          <reporter-output>
          </reporter-output>
        </test-method> <!-- verifyTitle -->
        <test-method is-config="true" signature="tearDown()[pri:0, instance:crossBrowserTestingPackage.CrossBrowserTesting@54e1c68b]" started-at="2023-12-24T23:11:55 IST" name="tearDown" finished-at="2023-12-24T23:11:59 IST" duration-ms="3271" status="PASS">
          <reporter-output>
          </reporter-output>
        </test-method> <!-- tearDown -->
      </class> <!-- crossBrowserTestingPackage.CrossBrowserTesting -->
    </test> <!-- TestOnMsEdge -->
    <test started-at="2023-12-24T23:11:35 IST" name="TestOnFirefox" finished-at="2023-12-24T23:12:25 IST" duration-ms="50363">
      <class name="crossBrowserTestingPackage.CrossBrowserTesting">
        <test-method is-config="true" signature="launchBrowser(java.lang.String)[pri:0, instance:crossBrowserTestingPackage.CrossBrowserTesting@13fd2ccd]" started-at="2023-12-24T23:11:35 IST" name="launchBrowser" finished-at="2023-12-24T23:11:54 IST" duration-ms="18348" status="PASS">
          <params>
            <param index="0">
              <value>
                <![CDATA[firefox]]>
              </value>
            </param>
          </params>
          <reporter-output>
          </reporter-output>
        </test-method> <!-- launchBrowser -->
        <test-method signature="verifyTitle()[pri:0, instance:crossBrowserTestingPackage.CrossBrowserTesting@13fd2ccd]" started-at="2023-12-24T23:11:54 IST" name="verifyTitle" finished-at="2023-12-24T23:12:16 IST" duration-ms="22729" status="PASS">
          <reporter-output>
          </reporter-output>
        </test-method> <!-- verifyTitle -->
        <test-method is-config="true" signature="tearDown()[pri:0, instance:crossBrowserTestingPackage.CrossBrowserTesting@13fd2ccd]" started-at="2023-12-24T23:12:16 IST" name="tearDown" finished-at="2023-12-24T23:12:25 IST" duration-ms="9192" status="PASS">
          <reporter-output>
          </reporter-output>
        </test-method> <!-- tearDown -->
      </class> <!-- crossBrowserTestingPackage.CrossBrowserTesting -->
    </test> <!-- TestOnFirefox -->
  </suite> <!-- Suite -->
</testng-results>
